[316641] StackTrace Sanitizing stacktrace:
java.lang.NullPointerException
	at org.codehaus.groovy.runtime.InvokerHelper.getProperty(InvokerHelper.java:178)
	at org.codehaus.groovy.runtime.ScriptBytecodeAdapter.getProperty(ScriptBytecodeAdapter.java:477)
	at TodoController$_closure5.doCall(TodoController.groovy:21)
	at sun.reflect.NativeMethodAccessorImpl.invoke0(Native Method)
	at sun.reflect.NativeMethodAccessorImpl.invoke(NativeMethodAccessorImpl.java:39)
	at sun.reflect.DelegatingMethodAccessorImpl.invoke(DelegatingMethodAccessorImpl.java:25)
	at java.lang.reflect.Method.invoke(Method.java:597)
	at org.codehaus.groovy.reflection.CachedMethod.invoke(CachedMethod.java:86)
	at groovy.lang.MetaMethod.doMethodInvoke(MetaMethod.java:230)
	at groovy.lang.MetaClassImpl.invokeMethod(MetaClassImpl.java:912)
	at groovy.lang.ExpandoMetaClass.invokeMethod(ExpandoMetaClass.java:946)
	at org.codehaus.groovy.runtime.ScriptBytecodeAdapter.invokeMethodOnCurrentN(ScriptBytecodeAdapter.java:78)
	at TodoController$_closure5.doCall(TodoController.groovy)
	at sun.reflect.NativeMethodAccessorImpl.invoke0(Native Method)
	at sun.reflect.NativeMethodAccessorImpl.invoke(NativeMethodAccessorImpl.java:39)
	at sun.reflect.DelegatingMethodAccessorImpl.invoke(DelegatingMethodAccessorImpl.java:25)
	at java.lang.reflect.Method.invoke(Method.java:597)
	at org.codehaus.groovy.reflection.CachedMethod.invoke(CachedMethod.java:86)
	at groovy.lang.MetaMethod.doMethodInvoke(MetaMethod.java:230)
	at groovy.lang.MetaClassImpl.invokeMethod(MetaClassImpl.java:912)
	at groovy.lang.ExpandoMetaClass.invokeMethod(ExpandoMetaClass.java:946)
	at groovy.lang.MetaClassImpl.invokeMethod(MetaClassImpl.java:756)
	at groovy.lang.Closure.call(Closure.java:292)
	at groovy.lang.Closure.call(Closure.java:287)
	at org.codehaus.groovy.grails.web.servlet.mvc.SimpleGrailsControllerHelper.handleAction(SimpleGrailsControllerHelper.java:503)
	at org.codehaus.groovy.grails.web.servlet.mvc.SimpleGrailsControllerHelper.executeAction(SimpleGrailsControllerHelper.java:394)
	at org.codehaus.groovy.grails.web.servlet.mvc.SimpleGrailsControllerHelper.handleURI(SimpleGrailsControllerHelper.java:233)
	at org.codehaus.groovy.grails.web.servlet.mvc.SimpleGrailsControllerHelper.handleURI(SimpleGrailsControllerHelper.java:154)
	at org.codehaus.groovy.grails.web.servlet.mvc.SimpleGrailsController.handleRequest(SimpleGrailsController.java:88)
	at org.springframework.web.servlet.mvc.SimpleControllerHandlerAdapter.handle(SimpleControllerHandlerAdapter.java:48)
	at org.codehaus.groovy.grails.web.servlet.GrailsDispatcherServlet.doDispatch(GrailsDispatcherServlet.java:260)
	at org.springframework.web.servlet.DispatcherServlet.doService(DispatcherServlet.java:809)
	at org.springframework.web.servlet.FrameworkServlet.processRequest(FrameworkServlet.java:571)
	at org.springframework.web.servlet.FrameworkServlet.doGet(FrameworkServlet.java:501)
	at javax.servlet.http.HttpServlet.service(HttpServlet.java:707)
	at javax.servlet.http.HttpServlet.service(HttpServlet.java:820)
	at org.mortbay.jetty.servlet.ServletHolder.handle(ServletHolder.java:487)
	at org.mortbay.jetty.servlet.ServletHandler$CachedChain.doFilter(ServletHandler.java:1098)
	at org.codehaus.groovy.grails.web.servlet.filter.GrailsReloadServletFilter.doFilterInternal(GrailsReloadServletFilter.java:112)
	at org.springframework.web.filter.OncePerRequestFilter.doFilter(OncePerRequestFilter.java:76)
	at org.mortbay.jetty.servlet.ServletHandler$CachedChain.doFilter(ServletHandler.java:1089)
	at org.mortbay.jetty.servlet.ServletHandler.handle(ServletHandler.java:365)
	at org.mortbay.jetty.security.SecurityHandler.handle(SecurityHandler.java:216)
	at org.mortbay.jetty.servlet.SessionHandler.handle(SessionHandler.java:181)
	at org.mortbay.jetty.handler.ContextHandler.handle(ContextHandler.java:712)
	at org.mortbay.jetty.webapp.WebAppContext.handle(WebAppContext.java:405)
	at org.mortbay.jetty.servlet.Dispatcher.forward(Dispatcher.java:268)
	at org.mortbay.jetty.servlet.Dispatcher.forward(Dispatcher.java:126)
	at org.codehaus.groovy.grails.web.util.WebUtils.forwardRequestForUrlMappingInfo(WebUtils.java:202)
	at org.codehaus.groovy.grails.web.util.WebUtils.forwardRequestForUrlMappingInfo(WebUtils.java:189)
	at org.codehaus.groovy.grails.web.mapping.filter.UrlMappingsFilter.doFilterInternal(UrlMappingsFilter.java:117)
	at org.springframework.web.filter.OncePerRequestFilter.doFilter(OncePerRequestFilter.java:76)
	at org.mortbay.jetty.servlet.ServletHandler$CachedChain.doFilter(ServletHandler.java:1089)
	at org.codehaus.groovy.grails.web.sitemesh.GrailsPageFilter.parsePage(GrailsPageFilter.java:123)
	at org.codehaus.groovy.grails.web.sitemesh.GrailsPageFilter.doFilter(GrailsPageFilter.java:86)
	at org.mortbay.jetty.servlet.ServletHandler$CachedChain.doFilter(ServletHandler.java:1089)
	at org.codehaus.groovy.grails.web.servlet.mvc.GrailsWebRequestFilter.doFilterInternal(GrailsWebRequestFilter.java:65)
	at org.springframework.web.filter.OncePerRequestFilter.doFilter(OncePerRequestFilter.java:76)
	at org.mortbay.jetty.servlet.ServletHandler$CachedChain.doFilter(ServletHandler.java:1089)
	at org.springframework.web.filter.CharacterEncodingFilter.doFilterInternal(CharacterEncodingFilter.java:96)
	at org.springframework.web.filter.OncePerRequestFilter.doFilter(OncePerRequestFilter.java:76)
	at org.springframework.web.filter.DelegatingFilterProxy.invokeDelegate(DelegatingFilterProxy.java:236)
	at org.springframework.web.filter.DelegatingFilterProxy.doFilter(DelegatingFilterProxy.java:167)
	at org.mortbay.jetty.servlet.ServletHandler$CachedChain.doFilter(ServletHandler.java:1089)
	at org.acegisecurity.util.FilterChainProxy$VirtualFilterChain.doFilter(FilterChainProxy.java:265)
	at org.acegisecurity.intercept.web.FilterSecurityInterceptor.invoke(FilterSecurityInterceptor.java:107)
	at org.acegisecurity.intercept.web.FilterSecurityInterceptor.doFilter(FilterSecurityInterceptor.java:72)
	at org.acegisecurity.util.FilterChainProxy$VirtualFilterChain.doFilter(FilterChainProxy.java:275)
	at org.acegisecurity.ui.ExceptionTranslationFilter.doFilter(ExceptionTranslationFilter.java:166)
	at org.acegisecurity.util.FilterChainProxy$VirtualFilterChain.doFilter(FilterChainProxy.java:275)
	at org.acegisecurity.providers.anonymous.AnonymousProcessingFilter.doFilter(AnonymousProcessingFilter.java:125)
	at org.acegisecurity.util.FilterChainProxy$VirtualFilterChain.doFilter(FilterChainProxy.java:275)
	at org.acegisecurity.ui.rememberme.RememberMeProcessingFilter.doFilter(RememberMeProcessingFilter.java:135)
	at org.acegisecurity.util.FilterChainProxy$VirtualFilterChain.doFilter(FilterChainProxy.java:275)
	at org.acegisecurity.wrapper.SecurityContextHolderAwareRequestFilter.doFilter(SecurityContextHolderAwareRequestFilter.java:81)
	at org.acegisecurity.util.FilterChainProxy$VirtualFilterChain.doFilter(FilterChainProxy.java:275)
	at org.acegisecurity.ui.AbstractProcessingFilter.doFilter(AbstractProcessingFilter.java:271)
	at org.acegisecurity.util.FilterChainProxy$VirtualFilterChain.doFilter(FilterChainProxy.java:275)
	at org.acegisecurity.ui.logout.LogoutFilter.doFilter(LogoutFilter.java:110)
	at org.acegisecurity.util.FilterChainProxy$VirtualFilterChain.doFilter(FilterChainProxy.java:275)
	at org.acegisecurity.context.HttpSessionContextIntegrationFilter.doFilter(HttpSessionContextIntegrationFilter.java:249)
	at org.acegisecurity.util.FilterChainProxy$VirtualFilterChain.doFilter(FilterChainProxy.java:275)
	at org.acegisecurity.util.FilterChainProxy.doFilter(FilterChainProxy.java:149)
	at org.springframework.web.filter.DelegatingFilterProxy.invokeDelegate(DelegatingFilterProxy.java:236)
	at org.springframework.web.filter.DelegatingFilterProxy.doFilter(DelegatingFilterProxy.java:167)
	at org.mortbay.jetty.servlet.ServletHandler$CachedChain.doFilter(ServletHandler.java:1089)
	at org.mortbay.jetty.servlet.ServletHandler.handle(ServletHandler.java:365)
	at org.mortbay.jetty.security.SecurityHandler.handle(SecurityHandler.java:216)
	at org.mortbay.jetty.servlet.SessionHandler.handle(SessionHandler.java:181)
	at org.mortbay.jetty.handler.ContextHandler.handle(ContextHandler.java:712)
	at org.mortbay.jetty.webapp.WebAppContext.handle(WebAppContext.java:405)
	at org.mortbay.jetty.handler.HandlerWrapper.handle(HandlerWrapper.java:139)
	at org.mortbay.jetty.Server.handle(Server.java:295)
	at org.mortbay.jetty.HttpConnection.handleRequest(HttpConnection.java:503)
	at org.mortbay.jetty.HttpConnection$RequestHandler.headerComplete(HttpConnection.java:827)
	at org.mortbay.jetty.HttpParser.parseNext(HttpParser.java:511)
	at org.mortbay.jetty.HttpParser.parseAvailable(HttpParser.java:210)
	at org.mortbay.jetty.HttpConnection.handle(HttpConnection.java:379)
	at org.mortbay.io.nio.SelectChannelEndPoint.run(SelectChannelEndPoint.java:361)
	at org.mortbay.thread.BoundedThreadPool$PoolThread.run(BoundedThreadPool.java:442)
[316641] StackTrace Sanitizing stacktrace:
org.codehaus.groovy.runtime.InvokerInvocationException: java.lang.NullPointerException
	at org.codehaus.groovy.reflection.CachedMethod.invoke(CachedMethod.java:92)
	at groovy.lang.MetaMethod.doMethodInvoke(MetaMethod.java:230)
	at groovy.lang.MetaClassImpl.invokeMethod(MetaClassImpl.java:912)
	at groovy.lang.ExpandoMetaClass.invokeMethod(ExpandoMetaClass.java:946)
	at groovy.lang.MetaClassImpl.invokeMethod(MetaClassImpl.java:756)
	at groovy.lang.Closure.call(Closure.java:292)
	at groovy.lang.Closure.call(Closure.java:287)
	at org.codehaus.groovy.grails.web.servlet.mvc.SimpleGrailsControllerHelper.handleAction(SimpleGrailsControllerHelper.java:503)
	at org.codehaus.groovy.grails.web.servlet.mvc.SimpleGrailsControllerHelper.executeAction(SimpleGrailsControllerHelper.java:394)
	at org.codehaus.groovy.grails.web.servlet.mvc.SimpleGrailsControllerHelper.handleURI(SimpleGrailsControllerHelper.java:233)
	at org.codehaus.groovy.grails.web.servlet.mvc.SimpleGrailsControllerHelper.handleURI(SimpleGrailsControllerHelper.java:154)
	at org.codehaus.groovy.grails.web.servlet.mvc.SimpleGrailsController.handleRequest(SimpleGrailsController.java:88)
	at org.springframework.web.servlet.mvc.SimpleControllerHandlerAdapter.handle(SimpleControllerHandlerAdapter.java:48)
	at org.codehaus.groovy.grails.web.servlet.GrailsDispatcherServlet.doDispatch(GrailsDispatcherServlet.java:260)
	at org.springframework.web.servlet.DispatcherServlet.doService(DispatcherServlet.java:809)
	at org.springframework.web.servlet.FrameworkServlet.processRequest(FrameworkServlet.java:571)
	at org.springframework.web.servlet.FrameworkServlet.doGet(FrameworkServlet.java:501)
	at javax.servlet.http.HttpServlet.service(HttpServlet.java:707)
	at javax.servlet.http.HttpServlet.service(HttpServlet.java:820)
	at org.mortbay.jetty.servlet.ServletHolder.handle(ServletHolder.java:487)
	at org.mortbay.jetty.servlet.ServletHandler$CachedChain.doFilter(ServletHandler.java:1098)
	at org.codehaus.groovy.grails.web.servlet.filter.GrailsReloadServletFilter.doFilterInternal(GrailsReloadServletFilter.java:112)
	at org.springframework.web.filter.OncePerRequestFilter.doFilter(OncePerRequestFilter.java:76)
	at org.mortbay.jetty.servlet.ServletHandler$CachedChain.doFilter(ServletHandler.java:1089)
	at org.mortbay.jetty.servlet.ServletHandler.handle(ServletHandler.java:365)
	at org.mortbay.jetty.security.SecurityHandler.handle(SecurityHandler.java:216)
	at org.mortbay.jetty.servlet.SessionHandler.handle(SessionHandler.java:181)
	at org.mortbay.jetty.handler.ContextHandler.handle(ContextHandler.java:712)
	at org.mortbay.jetty.webapp.WebAppContext.handle(WebAppContext.java:405)
	at org.mortbay.jetty.servlet.Dispatcher.forward(Dispatcher.java:268)
	at org.mortbay.jetty.servlet.Dispatcher.forward(Dispatcher.java:126)
	at org.codehaus.groovy.grails.web.util.WebUtils.forwardRequestForUrlMappingInfo(WebUtils.java:202)
	at org.codehaus.groovy.grails.web.util.WebUtils.forwardRequestForUrlMappingInfo(WebUtils.java:189)
	at org.codehaus.groovy.grails.web.mapping.filter.UrlMappingsFilter.doFilterInternal(UrlMappingsFilter.java:117)
	at org.springframework.web.filter.OncePerRequestFilter.doFilter(OncePerRequestFilter.java:76)
	at org.mortbay.jetty.servlet.ServletHandler$CachedChain.doFilter(ServletHandler.java:1089)
	at org.codehaus.groovy.grails.web.sitemesh.GrailsPageFilter.parsePage(GrailsPageFilter.java:123)
	at org.codehaus.groovy.grails.web.sitemesh.GrailsPageFilter.doFilter(GrailsPageFilter.java:86)
	at org.mortbay.jetty.servlet.ServletHandler$CachedChain.doFilter(ServletHandler.java:1089)
	at org.codehaus.groovy.grails.web.servlet.mvc.GrailsWebRequestFilter.doFilterInternal(GrailsWebRequestFilter.java:65)
	at org.springframework.web.filter.OncePerRequestFilter.doFilter(OncePerRequestFilter.java:76)
	at org.mortbay.jetty.servlet.ServletHandler$CachedChain.doFilter(ServletHandler.java:1089)
	at org.springframework.web.filter.CharacterEncodingFilter.doFilterInternal(CharacterEncodingFilter.java:96)
	at org.springframework.web.filter.OncePerRequestFilter.doFilter(OncePerRequestFilter.java:76)
	at org.springframework.web.filter.DelegatingFilterProxy.invokeDelegate(DelegatingFilterProxy.java:236)
	at org.springframework.web.filter.DelegatingFilterProxy.doFilter(DelegatingFilterProxy.java:167)
	at org.mortbay.jetty.servlet.ServletHandler$CachedChain.doFilter(ServletHandler.java:1089)
	at org.acegisecurity.util.FilterChainProxy$VirtualFilterChain.doFilter(FilterChainProxy.java:265)
	at org.acegisecurity.intercept.web.FilterSecurityInterceptor.invoke(FilterSecurityInterceptor.java:107)
	at org.acegisecurity.intercept.web.FilterSecurityInterceptor.doFilter(FilterSecurityInterceptor.java:72)
	at org.acegisecurity.util.FilterChainProxy$VirtualFilterChain.doFilter(FilterChainProxy.java:275)
	at org.acegisecurity.ui.ExceptionTranslationFilter.doFilter(ExceptionTranslationFilter.java:166)
	at org.acegisecurity.util.FilterChainProxy$VirtualFilterChain.doFilter(FilterChainProxy.java:275)
	at org.acegisecurity.providers.anonymous.AnonymousProcessingFilter.doFilter(AnonymousProcessingFilter.java:125)
	at org.acegisecurity.util.FilterChainProxy$VirtualFilterChain.doFilter(FilterChainProxy.java:275)
	at org.acegisecurity.ui.rememberme.RememberMeProcessingFilter.doFilter(RememberMeProcessingFilter.java:135)
	at org.acegisecurity.util.FilterChainProxy$VirtualFilterChain.doFilter(FilterChainProxy.java:275)
	at org.acegisecurity.wrapper.SecurityContextHolderAwareRequestFilter.doFilter(SecurityContextHolderAwareRequestFilter.java:81)
	at org.acegisecurity.util.FilterChainProxy$VirtualFilterChain.doFilter(FilterChainProxy.java:275)
	at org.acegisecurity.ui.AbstractProcessingFilter.doFilter(AbstractProcessingFilter.java:271)
	at org.acegisecurity.util.FilterChainProxy$VirtualFilterChain.doFilter(FilterChainProxy.java:275)
	at org.acegisecurity.ui.logout.LogoutFilter.doFilter(LogoutFilter.java:110)
	at org.acegisecurity.util.FilterChainProxy$VirtualFilterChain.doFilter(FilterChainProxy.java:275)
	at org.acegisecurity.context.HttpSessionContextIntegrationFilter.doFilter(HttpSessionContextIntegrationFilter.java:249)
	at org.acegisecurity.util.FilterChainProxy$VirtualFilterChain.doFilter(FilterChainProxy.java:275)
	at org.acegisecurity.util.FilterChainProxy.doFilter(FilterChainProxy.java:149)
	at org.springframework.web.filter.DelegatingFilterProxy.invokeDelegate(DelegatingFilterProxy.java:236)
	at org.springframework.web.filter.DelegatingFilterProxy.doFilter(DelegatingFilterProxy.java:167)
	at org.mortbay.jetty.servlet.ServletHandler$CachedChain.doFilter(ServletHandler.java:1089)
	at org.mortbay.jetty.servlet.ServletHandler.handle(ServletHandler.java:365)
	at org.mortbay.jetty.security.SecurityHandler.handle(SecurityHandler.java:216)
	at org.mortbay.jetty.servlet.SessionHandler.handle(SessionHandler.java:181)
	at org.mortbay.jetty.handler.ContextHandler.handle(ContextHandler.java:712)
	at org.mortbay.jetty.webapp.WebAppContext.handle(WebAppContext.java:405)
	at org.mortbay.jetty.handler.HandlerWrapper.handle(HandlerWrapper.java:139)
	at org.mortbay.jetty.Server.handle(Server.java:295)
	at org.mortbay.jetty.HttpConnection.handleRequest(HttpConnection.java:503)
	at org.mortbay.jetty.HttpConnection$RequestHandler.headerComplete(HttpConnection.java:827)
	at org.mortbay.jetty.HttpParser.parseNext(HttpParser.java:511)
	at org.mortbay.jetty.HttpParser.parseAvailable(HttpParser.java:210)
	at org.mortbay.jetty.HttpConnection.handle(HttpConnection.java:379)
	at org.mortbay.io.nio.SelectChannelEndPoint.run(SelectChannelEndPoint.java:361)
	at org.mortbay.thread.BoundedThreadPool$PoolThread.run(BoundedThreadPool.java:442)
Caused by: java.lang.NullPointerException
	at TodoController$_closure5.doCall(TodoController.groovy:21)
	at TodoController$_closure5.doCall(TodoController.groovy)
	at org.acegisecurity.util.FilterChainProxy$VirtualFilterChain.doFilter(FilterChainProxy.java:265)
	at org.acegisecurity.intercept.web.FilterSecurityInterceptor.invoke(FilterSecurityInterceptor.java:107)
	at org.acegisecurity.intercept.web.FilterSecurityInterceptor.doFilter(FilterSecurityInterceptor.java:72)
	at org.acegisecurity.util.FilterChainProxy$VirtualFilterChain.doFilter(FilterChainProxy.java:275)
	at org.acegisecurity.ui.ExceptionTranslationFilter.doFilter(ExceptionTranslationFilter.java:166)
	at org.acegisecurity.util.FilterChainProxy$VirtualFilterChain.doFilter(FilterChainProxy.java:275)
	at org.acegisecurity.providers.anonymous.AnonymousProcessingFilter.doFilter(AnonymousProcessingFilter.java:125)
	at org.acegisecurity.util.FilterChainProxy$VirtualFilterChain.doFilter(FilterChainProxy.java:275)
	at org.acegisecurity.ui.rememberme.RememberMeProcessingFilter.doFilter(RememberMeProcessingFilter.java:135)
	at org.acegisecurity.util.FilterChainProxy$VirtualFilterChain.doFilter(FilterChainProxy.java:275)
	at org.acegisecurity.wrapper.SecurityContextHolderAwareRequestFilter.doFilter(SecurityContextHolderAwareRequestFilter.java:81)
	at org.acegisecurity.util.FilterChainProxy$VirtualFilterChain.doFilter(FilterChainProxy.java:275)
	at org.acegisecurity.ui.AbstractProcessingFilter.doFilter(AbstractProcessingFilter.java:271)
	at org.acegisecurity.util.FilterChainProxy$VirtualFilterChain.doFilter(FilterChainProxy.java:275)
	at org.acegisecurity.ui.logout.LogoutFilter.doFilter(LogoutFilter.java:110)
	at org.acegisecurity.util.FilterChainProxy$VirtualFilterChain.doFilter(FilterChainProxy.java:275)
	at org.acegisecurity.context.HttpSessionContextIntegrationFilter.doFilter(HttpSessionContextIntegrationFilter.java:249)
	at org.acegisecurity.util.FilterChainProxy$VirtualFilterChain.doFilter(FilterChainProxy.java:275)
	at org.acegisecurity.util.FilterChainProxy.doFilter(FilterChainProxy.java:149)
[316641] StackTrace Sanitizing stacktrace:
java.lang.NullPointerException
	at TodoController$_closure5.doCall(TodoController.groovy:21)
	at TodoController$_closure5.doCall(TodoController.groovy)
	at org.acegisecurity.util.FilterChainProxy$VirtualFilterChain.doFilter(FilterChainProxy.java:265)
	at org.acegisecurity.intercept.web.FilterSecurityInterceptor.invoke(FilterSecurityInterceptor.java:107)
	at org.acegisecurity.intercept.web.FilterSecurityInterceptor.doFilter(FilterSecurityInterceptor.java:72)
	at org.acegisecurity.util.FilterChainProxy$VirtualFilterChain.doFilter(FilterChainProxy.java:275)
	at org.acegisecurity.ui.ExceptionTranslationFilter.doFilter(ExceptionTranslationFilter.java:166)
	at org.acegisecurity.util.FilterChainProxy$VirtualFilterChain.doFilter(FilterChainProxy.java:275)
	at org.acegisecurity.providers.anonymous.AnonymousProcessingFilter.doFilter(AnonymousProcessingFilter.java:125)
	at org.acegisecurity.util.FilterChainProxy$VirtualFilterChain.doFilter(FilterChainProxy.java:275)
	at org.acegisecurity.ui.rememberme.RememberMeProcessingFilter.doFilter(RememberMeProcessingFilter.java:135)
	at org.acegisecurity.util.FilterChainProxy$VirtualFilterChain.doFilter(FilterChainProxy.java:275)
	at org.acegisecurity.wrapper.SecurityContextHolderAwareRequestFilter.doFilter(SecurityContextHolderAwareRequestFilter.java:81)
	at org.acegisecurity.util.FilterChainProxy$VirtualFilterChain.doFilter(FilterChainProxy.java:275)
	at org.acegisecurity.ui.AbstractProcessingFilter.doFilter(AbstractProcessingFilter.java:271)
	at org.acegisecurity.util.FilterChainProxy$VirtualFilterChain.doFilter(FilterChainProxy.java:275)
	at org.acegisecurity.ui.logout.LogoutFilter.doFilter(LogoutFilter.java:110)
	at org.acegisecurity.util.FilterChainProxy$VirtualFilterChain.doFilter(FilterChainProxy.java:275)
	at org.acegisecurity.context.HttpSessionContextIntegrationFilter.doFilter(HttpSessionContextIntegrationFilter.java:249)
	at org.acegisecurity.util.FilterChainProxy$VirtualFilterChain.doFilter(FilterChainProxy.java:275)
	at org.acegisecurity.util.FilterChainProxy.doFilter(FilterChainProxy.java:149)
[316641] StackTrace Sanitizing stacktrace:
org.codehaus.groovy.runtime.InvokerInvocationException: java.lang.NullPointerException
	at org.acegisecurity.util.FilterChainProxy$VirtualFilterChain.doFilter(FilterChainProxy.java:265)
	at org.acegisecurity.intercept.web.FilterSecurityInterceptor.invoke(FilterSecurityInterceptor.java:107)
	at org.acegisecurity.intercept.web.FilterSecurityInterceptor.doFilter(FilterSecurityInterceptor.java:72)
	at org.acegisecurity.util.FilterChainProxy$VirtualFilterChain.doFilter(FilterChainProxy.java:275)
	at org.acegisecurity.ui.ExceptionTranslationFilter.doFilter(ExceptionTranslationFilter.java:166)
	at org.acegisecurity.util.FilterChainProxy$VirtualFilterChain.doFilter(FilterChainProxy.java:275)
	at org.acegisecurity.providers.anonymous.AnonymousProcessingFilter.doFilter(AnonymousProcessingFilter.java:125)
	at org.acegisecurity.util.FilterChainProxy$VirtualFilterChain.doFilter(FilterChainProxy.java:275)
	at org.acegisecurity.ui.rememberme.RememberMeProcessingFilter.doFilter(RememberMeProcessingFilter.java:135)
	at org.acegisecurity.util.FilterChainProxy$VirtualFilterChain.doFilter(FilterChainProxy.java:275)
	at org.acegisecurity.wrapper.SecurityContextHolderAwareRequestFilter.doFilter(SecurityContextHolderAwareRequestFilter.java:81)
	at org.acegisecurity.util.FilterChainProxy$VirtualFilterChain.doFilter(FilterChainProxy.java:275)
	at org.acegisecurity.ui.AbstractProcessingFilter.doFilter(AbstractProcessingFilter.java:271)
	at org.acegisecurity.util.FilterChainProxy$VirtualFilterChain.doFilter(FilterChainProxy.java:275)
	at org.acegisecurity.ui.logout.LogoutFilter.doFilter(LogoutFilter.java:110)
	at org.acegisecurity.util.FilterChainProxy$VirtualFilterChain.doFilter(FilterChainProxy.java:275)
	at org.acegisecurity.context.HttpSessionContextIntegrationFilter.doFilter(HttpSessionContextIntegrationFilter.java:249)
	at org.acegisecurity.util.FilterChainProxy$VirtualFilterChain.doFilter(FilterChainProxy.java:275)
	at org.acegisecurity.util.FilterChainProxy.doFilter(FilterChainProxy.java:149)
Caused by: java.lang.NullPointerException
	at TodoController$_closure5.doCall(TodoController.groovy:21)
	at TodoController$_closure5.doCall(TodoController.groovy)
	... 19 more
[83343204] StackTrace Sanitizing stacktrace:
org.codehaus.groovy.control.MultipleCompilationErrorsException: startup failed, RestController: 148: unable to resolve class JSON 
 @ line 148, column 17.
1 error

	at org.codehaus.groovy.control.ErrorCollector.failIfErrors(ErrorCollector.java:296)
	at org.codehaus.groovy.control.CompilationUnit.applyToSourceUnits(CompilationUnit.java:787)
	at org.codehaus.groovy.control.CompilationUnit.compile(CompilationUnit.java:438)
	at groovy.lang.GroovyClassLoader.parseClass(GroovyClassLoader.java:277)
	at groovy.lang.GroovyClassLoader.parseClass(GroovyClassLoader.java:248)
	at groovy.lang.GroovyClassLoader.parseClass(GroovyClassLoader.java:243)
	at org.codehaus.groovy.grails.compiler.GrailsClassLoader.reloadClass(GrailsClassLoader.java:60)
	at org.codehaus.groovy.grails.plugins.DefaultGrailsPlugin.attemptClassReload(DefaultGrailsPlugin.java:649)
	at org.codehaus.groovy.grails.plugins.DefaultGrailsPlugin.fireModifiedEvent(DefaultGrailsPlugin.java:588)
	at org.codehaus.groovy.grails.plugins.DefaultGrailsPlugin.checkForChanges(DefaultGrailsPlugin.java:447)
	at org.codehaus.groovy.grails.plugins.DefaultGrailsPluginManager.checkForChanges(DefaultGrailsPluginManager.java:583)
	at org.codehaus.groovy.grails.web.servlet.filter.GrailsReloadServletFilter.doFilterInternal(GrailsReloadServletFilter.java:81)
	at org.springframework.web.filter.OncePerRequestFilter.doFilter(OncePerRequestFilter.java:76)
	at org.mortbay.jetty.servlet.ServletHandler$CachedChain.doFilter(ServletHandler.java:1089)
	at org.mortbay.jetty.servlet.ServletHandler.handle(ServletHandler.java:365)
	at org.mortbay.jetty.security.SecurityHandler.handle(SecurityHandler.java:216)
	at org.mortbay.jetty.servlet.SessionHandler.handle(SessionHandler.java:181)
	at org.mortbay.jetty.handler.ContextHandler.handle(ContextHandler.java:712)
	at org.mortbay.jetty.webapp.WebAppContext.handle(WebAppContext.java:405)
	at org.mortbay.jetty.servlet.Dispatcher.forward(Dispatcher.java:268)
	at org.mortbay.jetty.servlet.Dispatcher.forward(Dispatcher.java:126)
	at org.codehaus.groovy.grails.web.util.WebUtils.forwardRequestForUrlMappingInfo(WebUtils.java:202)
	at org.codehaus.groovy.grails.web.util.WebUtils.forwardRequestForUrlMappingInfo(WebUtils.java:189)
	at org.codehaus.groovy.grails.web.mapping.filter.UrlMappingsFilter.doFilterInternal(UrlMappingsFilter.java:117)
	at org.springframework.web.filter.OncePerRequestFilter.doFilter(OncePerRequestFilter.java:76)
	at org.mortbay.jetty.servlet.ServletHandler$CachedChain.doFilter(ServletHandler.java:1089)
	at org.codehaus.groovy.grails.web.sitemesh.GrailsPageFilter.parsePage(GrailsPageFilter.java:123)
	at org.codehaus.groovy.grails.web.sitemesh.GrailsPageFilter.doFilter(GrailsPageFilter.java:86)
	at org.mortbay.jetty.servlet.ServletHandler$CachedChain.doFilter(ServletHandler.java:1089)
	at org.codehaus.groovy.grails.web.servlet.mvc.GrailsWebRequestFilter.doFilterInternal(GrailsWebRequestFilter.java:65)
	at org.springframework.web.filter.OncePerRequestFilter.doFilter(OncePerRequestFilter.java:76)
	at org.mortbay.jetty.servlet.ServletHandler$CachedChain.doFilter(ServletHandler.java:1089)
	at org.springframework.web.filter.CharacterEncodingFilter.doFilterInternal(CharacterEncodingFilter.java:96)
	at org.springframework.web.filter.OncePerRequestFilter.doFilter(OncePerRequestFilter.java:76)
	at org.springframework.web.filter.DelegatingFilterProxy.invokeDelegate(DelegatingFilterProxy.java:236)
	at org.springframework.web.filter.DelegatingFilterProxy.doFilter(DelegatingFilterProxy.java:167)
	at org.mortbay.jetty.servlet.ServletHandler$CachedChain.doFilter(ServletHandler.java:1089)
	at org.acegisecurity.util.FilterChainProxy$VirtualFilterChain.doFilter(FilterChainProxy.java:265)
	at org.acegisecurity.intercept.web.FilterSecurityInterceptor.invoke(FilterSecurityInterceptor.java:107)
	at org.acegisecurity.intercept.web.FilterSecurityInterceptor.doFilter(FilterSecurityInterceptor.java:72)
	at org.acegisecurity.util.FilterChainProxy$VirtualFilterChain.doFilter(FilterChainProxy.java:275)
	at org.acegisecurity.ui.ExceptionTranslationFilter.doFilter(ExceptionTranslationFilter.java:166)
	at org.acegisecurity.util.FilterChainProxy$VirtualFilterChain.doFilter(FilterChainProxy.java:275)
	at org.acegisecurity.providers.anonymous.AnonymousProcessingFilter.doFilter(AnonymousProcessingFilter.java:125)
	at org.acegisecurity.util.FilterChainProxy$VirtualFilterChain.doFilter(FilterChainProxy.java:275)
	at org.acegisecurity.ui.rememberme.RememberMeProcessingFilter.doFilter(RememberMeProcessingFilter.java:135)
	at org.acegisecurity.util.FilterChainProxy$VirtualFilterChain.doFilter(FilterChainProxy.java:275)
	at org.acegisecurity.wrapper.SecurityContextHolderAwareRequestFilter.doFilter(SecurityContextHolderAwareRequestFilter.java:81)
	at org.acegisecurity.util.FilterChainProxy$VirtualFilterChain.doFilter(FilterChainProxy.java:275)
	at org.acegisecurity.ui.AbstractProcessingFilter.doFilter(AbstractProcessingFilter.java:271)
	at org.acegisecurity.util.FilterChainProxy$VirtualFilterChain.doFilter(FilterChainProxy.java:275)
	at org.acegisecurity.ui.logout.LogoutFilter.doFilter(LogoutFilter.java:110)
	at org.acegisecurity.util.FilterChainProxy$VirtualFilterChain.doFilter(FilterChainProxy.java:275)
	at org.acegisecurity.context.HttpSessionContextIntegrationFilter.doFilter(HttpSessionContextIntegrationFilter.java:249)
	at org.acegisecurity.util.FilterChainProxy$VirtualFilterChain.doFilter(FilterChainProxy.java:275)
	at org.acegisecurity.util.FilterChainProxy.doFilter(FilterChainProxy.java:149)
	at org.springframework.web.filter.DelegatingFilterProxy.invokeDelegate(DelegatingFilterProxy.java:236)
	at org.springframework.web.filter.DelegatingFilterProxy.doFilter(DelegatingFilterProxy.java:167)
	at org.mortbay.jetty.servlet.ServletHandler$CachedChain.doFilter(ServletHandler.java:1089)
	at org.mortbay.jetty.servlet.ServletHandler.handle(ServletHandler.java:365)
	at org.mortbay.jetty.security.SecurityHandler.handle(SecurityHandler.java:216)
	at org.mortbay.jetty.servlet.SessionHandler.handle(SessionHandler.java:181)
	at org.mortbay.jetty.handler.ContextHandler.handle(ContextHandler.java:712)
	at org.mortbay.jetty.webapp.WebAppContext.handle(WebAppContext.java:405)
	at org.mortbay.jetty.handler.HandlerWrapper.handle(HandlerWrapper.java:139)
	at org.mortbay.jetty.Server.handle(Server.java:295)
	at org.mortbay.jetty.HttpConnection.handleRequest(HttpConnection.java:503)
	at org.mortbay.jetty.HttpConnection$RequestHandler.headerComplete(HttpConnection.java:827)
	at org.mortbay.jetty.HttpParser.parseNext(HttpParser.java:511)
	at org.mortbay.jetty.HttpParser.parseAvailable(HttpParser.java:210)
	at org.mortbay.jetty.HttpConnection.handle(HttpConnection.java:379)
	at org.mortbay.io.nio.SelectChannelEndPoint.run(SelectChannelEndPoint.java:361)
	at org.mortbay.thread.BoundedThreadPool$PoolThread.run(BoundedThreadPool.java:442)
[83343891] StackTrace Sanitizing stacktrace:
org.codehaus.groovy.control.MultipleCompilationErrorsException: startup failed, RestController: 148: unable to resolve class JSON 
 @ line 148, column 17.
1 error

	at org.codehaus.groovy.control.ErrorCollector.failIfErrors(ErrorCollector.java:296)
	at org.codehaus.groovy.control.CompilationUnit.applyToSourceUnits(CompilationUnit.java:787)
	at org.codehaus.groovy.control.CompilationUnit.compile(CompilationUnit.java:438)
	at groovy.lang.GroovyClassLoader.parseClass(GroovyClassLoader.java:277)
	at groovy.lang.GroovyClassLoader.parseClass(GroovyClassLoader.java:248)
	at groovy.lang.GroovyClassLoader.parseClass(GroovyClassLoader.java:243)
	at org.codehaus.groovy.grails.compiler.GrailsClassLoader.reloadClass(GrailsClassLoader.java:60)
	at org.codehaus.groovy.grails.plugins.DefaultGrailsPlugin.attemptClassReload(DefaultGrailsPlugin.java:649)
	at org.codehaus.groovy.grails.plugins.DefaultGrailsPlugin.fireModifiedEvent(DefaultGrailsPlugin.java:588)
	at org.codehaus.groovy.grails.plugins.DefaultGrailsPlugin.checkForChanges(DefaultGrailsPlugin.java:447)
	at org.codehaus.groovy.grails.plugins.DefaultGrailsPluginManager.checkForChanges(DefaultGrailsPluginManager.java:583)
	at org.codehaus.groovy.grails.web.servlet.filter.GrailsReloadServletFilter.doFilterInternal(GrailsReloadServletFilter.java:81)
	at org.springframework.web.filter.OncePerRequestFilter.doFilter(OncePerRequestFilter.java:76)
	at org.mortbay.jetty.servlet.ServletHandler$CachedChain.doFilter(ServletHandler.java:1089)
	at org.mortbay.jetty.servlet.ServletHandler.handle(ServletHandler.java:365)
	at org.mortbay.jetty.security.SecurityHandler.handle(SecurityHandler.java:216)
	at org.mortbay.jetty.servlet.SessionHandler.handle(SessionHandler.java:181)
	at org.mortbay.jetty.handler.ContextHandler.handle(ContextHandler.java:712)
	at org.mortbay.jetty.webapp.WebAppContext.handle(WebAppContext.java:405)
	at org.mortbay.jetty.servlet.Dispatcher.forward(Dispatcher.java:268)
	at org.mortbay.jetty.servlet.Dispatcher.forward(Dispatcher.java:126)
	at org.codehaus.groovy.grails.web.util.WebUtils.forwardRequestForUrlMappingInfo(WebUtils.java:202)
	at org.codehaus.groovy.grails.web.util.WebUtils.forwardRequestForUrlMappingInfo(WebUtils.java:189)
	at org.codehaus.groovy.grails.web.mapping.filter.UrlMappingsFilter.doFilterInternal(UrlMappingsFilter.java:117)
	at org.springframework.web.filter.OncePerRequestFilter.doFilter(OncePerRequestFilter.java:76)
	at org.mortbay.jetty.servlet.ServletHandler$CachedChain.doFilter(ServletHandler.java:1089)
	at org.codehaus.groovy.grails.web.sitemesh.GrailsPageFilter.parsePage(GrailsPageFilter.java:123)
	at org.codehaus.groovy.grails.web.sitemesh.GrailsPageFilter.doFilter(GrailsPageFilter.java:86)
	at org.mortbay.jetty.servlet.ServletHandler$CachedChain.doFilter(ServletHandler.java:1089)
	at org.codehaus.groovy.grails.web.servlet.mvc.GrailsWebRequestFilter.doFilterInternal(GrailsWebRequestFilter.java:65)
	at org.springframework.web.filter.OncePerRequestFilter.doFilter(OncePerRequestFilter.java:76)
	at org.mortbay.jetty.servlet.ServletHandler$CachedChain.doFilter(ServletHandler.java:1089)
	at org.springframework.web.filter.CharacterEncodingFilter.doFilterInternal(CharacterEncodingFilter.java:96)
	at org.springframework.web.filter.OncePerRequestFilter.doFilter(OncePerRequestFilter.java:76)
	at org.springframework.web.filter.DelegatingFilterProxy.invokeDelegate(DelegatingFilterProxy.java:236)
	at org.springframework.web.filter.DelegatingFilterProxy.doFilter(DelegatingFilterProxy.java:167)
	at org.mortbay.jetty.servlet.ServletHandler$CachedChain.doFilter(ServletHandler.java:1089)
	at org.acegisecurity.util.FilterChainProxy$VirtualFilterChain.doFilter(FilterChainProxy.java:265)
	at org.acegisecurity.intercept.web.FilterSecurityInterceptor.invoke(FilterSecurityInterceptor.java:107)
	at org.acegisecurity.intercept.web.FilterSecurityInterceptor.doFilter(FilterSecurityInterceptor.java:72)
	at org.acegisecurity.util.FilterChainProxy$VirtualFilterChain.doFilter(FilterChainProxy.java:275)
	at org.acegisecurity.ui.ExceptionTranslationFilter.doFilter(ExceptionTranslationFilter.java:166)
	at org.acegisecurity.util.FilterChainProxy$VirtualFilterChain.doFilter(FilterChainProxy.java:275)
	at org.acegisecurity.providers.anonymous.AnonymousProcessingFilter.doFilter(AnonymousProcessingFilter.java:125)
	at org.acegisecurity.util.FilterChainProxy$VirtualFilterChain.doFilter(FilterChainProxy.java:275)
	at org.acegisecurity.ui.rememberme.RememberMeProcessingFilter.doFilter(RememberMeProcessingFilter.java:135)
	at org.acegisecurity.util.FilterChainProxy$VirtualFilterChain.doFilter(FilterChainProxy.java:275)
	at org.acegisecurity.wrapper.SecurityContextHolderAwareRequestFilter.doFilter(SecurityContextHolderAwareRequestFilter.java:81)
	at org.acegisecurity.util.FilterChainProxy$VirtualFilterChain.doFilter(FilterChainProxy.java:275)
	at org.acegisecurity.ui.AbstractProcessingFilter.doFilter(AbstractProcessingFilter.java:271)
	at org.acegisecurity.util.FilterChainProxy$VirtualFilterChain.doFilter(FilterChainProxy.java:275)
	at org.acegisecurity.ui.logout.LogoutFilter.doFilter(LogoutFilter.java:110)
	at org.acegisecurity.util.FilterChainProxy$VirtualFilterChain.doFilter(FilterChainProxy.java:275)
	at org.acegisecurity.context.HttpSessionContextIntegrationFilter.doFilter(HttpSessionContextIntegrationFilter.java:249)
	at org.acegisecurity.util.FilterChainProxy$VirtualFilterChain.doFilter(FilterChainProxy.java:275)
	at org.acegisecurity.util.FilterChainProxy.doFilter(FilterChainProxy.java:149)
	at org.springframework.web.filter.DelegatingFilterProxy.invokeDelegate(DelegatingFilterProxy.java:236)
	at org.springframework.web.filter.DelegatingFilterProxy.doFilter(DelegatingFilterProxy.java:167)
	at org.mortbay.jetty.servlet.ServletHandler$CachedChain.doFilter(ServletHandler.java:1089)
	at org.mortbay.jetty.servlet.ServletHandler.handle(ServletHandler.java:365)
	at org.mortbay.jetty.security.SecurityHandler.handle(SecurityHandler.java:216)
	at org.mortbay.jetty.servlet.SessionHandler.handle(SessionHandler.java:181)
	at org.mortbay.jetty.handler.ContextHandler.handle(ContextHandler.java:712)
	at org.mortbay.jetty.webapp.WebAppContext.handle(WebAppContext.java:405)
	at org.mortbay.jetty.handler.HandlerWrapper.handle(HandlerWrapper.java:139)
	at org.mortbay.jetty.Server.handle(Server.java:295)
	at org.mortbay.jetty.HttpConnection.handleRequest(HttpConnection.java:503)
	at org.mortbay.jetty.HttpConnection$RequestHandler.headerComplete(HttpConnection.java:827)
	at org.mortbay.jetty.HttpParser.parseNext(HttpParser.java:511)
	at org.mortbay.jetty.HttpParser.parseAvailable(HttpParser.java:210)
	at org.mortbay.jetty.HttpConnection.handle(HttpConnection.java:379)
	at org.mortbay.io.nio.SelectChannelEndPoint.run(SelectChannelEndPoint.java:361)
	at org.mortbay.thread.BoundedThreadPool$PoolThread.run(BoundedThreadPool.java:442)
[83403485] StackTrace Sanitizing stacktrace:
org.codehaus.groovy.control.MultipleCompilationErrorsException: startup failed, RestController: 5: unexpected token: converters @ line 5, column 15.
1 error

	at org.codehaus.groovy.control.ErrorCollector.failIfErrors(ErrorCollector.java:296)
	at org.codehaus.groovy.control.ErrorCollector.addFatalError(ErrorCollector.java:143)
	at org.codehaus.groovy.control.ErrorCollector.addError(ErrorCollector.java:113)
	at org.codehaus.groovy.control.ErrorCollector.addError(ErrorCollector.java:125)
	at org.codehaus.groovy.control.SourceUnit.addError(SourceUnit.java:352)
	at org.codehaus.groovy.antlr.AntlrParserPlugin.parseCST(AntlrParserPlugin.java:85)
	at org.codehaus.groovy.control.SourceUnit.parse(SourceUnit.java:248)
	at org.codehaus.groovy.control.CompilationUnit$1.call(CompilationUnit.java:143)
	at org.codehaus.groovy.control.CompilationUnit.applyToSourceUnits(CompilationUnit.java:772)
	at org.codehaus.groovy.control.CompilationUnit.compile(CompilationUnit.java:438)
	at groovy.lang.GroovyClassLoader.parseClass(GroovyClassLoader.java:277)
	at groovy.lang.GroovyClassLoader.parseClass(GroovyClassLoader.java:248)
	at groovy.lang.GroovyClassLoader.parseClass(GroovyClassLoader.java:243)
	at org.codehaus.groovy.grails.compiler.GrailsClassLoader.reloadClass(GrailsClassLoader.java:60)
	at org.codehaus.groovy.grails.plugins.DefaultGrailsPlugin.attemptClassReload(DefaultGrailsPlugin.java:649)
	at org.codehaus.groovy.grails.plugins.DefaultGrailsPlugin.fireModifiedEvent(DefaultGrailsPlugin.java:588)
	at org.codehaus.groovy.grails.plugins.DefaultGrailsPlugin.checkForChanges(DefaultGrailsPlugin.java:447)
	at org.codehaus.groovy.grails.plugins.DefaultGrailsPluginManager.checkForChanges(DefaultGrailsPluginManager.java:583)
	at org.codehaus.groovy.grails.web.servlet.filter.GrailsReloadServletFilter.doFilterInternal(GrailsReloadServletFilter.java:81)
	at org.springframework.web.filter.OncePerRequestFilter.doFilter(OncePerRequestFilter.java:76)
	at org.mortbay.jetty.servlet.ServletHandler$CachedChain.doFilter(ServletHandler.java:1089)
	at org.mortbay.jetty.servlet.ServletHandler.handle(ServletHandler.java:365)
	at org.mortbay.jetty.security.SecurityHandler.handle(SecurityHandler.java:216)
	at org.mortbay.jetty.servlet.SessionHandler.handle(SessionHandler.java:181)
	at org.mortbay.jetty.handler.ContextHandler.handle(ContextHandler.java:712)
	at org.mortbay.jetty.webapp.WebAppContext.handle(WebAppContext.java:405)
	at org.mortbay.jetty.servlet.Dispatcher.forward(Dispatcher.java:268)
	at org.mortbay.jetty.servlet.Dispatcher.forward(Dispatcher.java:126)
	at org.codehaus.groovy.grails.web.util.WebUtils.forwardRequestForUrlMappingInfo(WebUtils.java:202)
	at org.codehaus.groovy.grails.web.util.WebUtils.forwardRequestForUrlMappingInfo(WebUtils.java:189)
	at org.codehaus.groovy.grails.web.mapping.filter.UrlMappingsFilter.doFilterInternal(UrlMappingsFilter.java:117)
	at org.springframework.web.filter.OncePerRequestFilter.doFilter(OncePerRequestFilter.java:76)
	at org.mortbay.jetty.servlet.ServletHandler$CachedChain.doFilter(ServletHandler.java:1089)
	at org.codehaus.groovy.grails.web.sitemesh.GrailsPageFilter.parsePage(GrailsPageFilter.java:123)
	at org.codehaus.groovy.grails.web.sitemesh.GrailsPageFilter.doFilter(GrailsPageFilter.java:86)
	at org.mortbay.jetty.servlet.ServletHandler$CachedChain.doFilter(ServletHandler.java:1089)
	at org.codehaus.groovy.grails.web.servlet.mvc.GrailsWebRequestFilter.doFilterInternal(GrailsWebRequestFilter.java:65)
	at org.springframework.web.filter.OncePerRequestFilter.doFilter(OncePerRequestFilter.java:76)
	at org.mortbay.jetty.servlet.ServletHandler$CachedChain.doFilter(ServletHandler.java:1089)
	at org.springframework.web.filter.CharacterEncodingFilter.doFilterInternal(CharacterEncodingFilter.java:96)
	at org.springframework.web.filter.OncePerRequestFilter.doFilter(OncePerRequestFilter.java:76)
	at org.springframework.web.filter.DelegatingFilterProxy.invokeDelegate(DelegatingFilterProxy.java:236)
	at org.springframework.web.filter.DelegatingFilterProxy.doFilter(DelegatingFilterProxy.java:167)
	at org.mortbay.jetty.servlet.ServletHandler$CachedChain.doFilter(ServletHandler.java:1089)
	at org.acegisecurity.util.FilterChainProxy$VirtualFilterChain.doFilter(FilterChainProxy.java:265)
	at org.acegisecurity.intercept.web.FilterSecurityInterceptor.invoke(FilterSecurityInterceptor.java:107)
	at org.acegisecurity.intercept.web.FilterSecurityInterceptor.doFilter(FilterSecurityInterceptor.java:72)
	at org.acegisecurity.util.FilterChainProxy$VirtualFilterChain.doFilter(FilterChainProxy.java:275)
	at org.acegisecurity.ui.ExceptionTranslationFilter.doFilter(ExceptionTranslationFilter.java:166)
	at org.acegisecurity.util.FilterChainProxy$VirtualFilterChain.doFilter(FilterChainProxy.java:275)
	at org.acegisecurity.providers.anonymous.AnonymousProcessingFilter.doFilter(AnonymousProcessingFilter.java:125)
	at org.acegisecurity.util.FilterChainProxy$VirtualFilterChain.doFilter(FilterChainProxy.java:275)
	at org.acegisecurity.ui.rememberme.RememberMeProcessingFilter.doFilter(RememberMeProcessingFilter.java:135)
	at org.acegisecurity.util.FilterChainProxy$VirtualFilterChain.doFilter(FilterChainProxy.java:275)
	at org.acegisecurity.wrapper.SecurityContextHolderAwareRequestFilter.doFilter(SecurityContextHolderAwareRequestFilter.java:81)
	at org.acegisecurity.util.FilterChainProxy$VirtualFilterChain.doFilter(FilterChainProxy.java:275)
	at org.acegisecurity.ui.AbstractProcessingFilter.doFilter(AbstractProcessingFilter.java:271)
	at org.acegisecurity.util.FilterChainProxy$VirtualFilterChain.doFilter(FilterChainProxy.java:275)
	at org.acegisecurity.ui.logout.LogoutFilter.doFilter(LogoutFilter.java:110)
	at org.acegisecurity.util.FilterChainProxy$VirtualFilterChain.doFilter(FilterChainProxy.java:275)
	at org.acegisecurity.context.HttpSessionContextIntegrationFilter.doFilter(HttpSessionContextIntegrationFilter.java:249)
	at org.acegisecurity.util.FilterChainProxy$VirtualFilterChain.doFilter(FilterChainProxy.java:275)
	at org.acegisecurity.util.FilterChainProxy.doFilter(FilterChainProxy.java:149)
	at org.springframework.web.filter.DelegatingFilterProxy.invokeDelegate(DelegatingFilterProxy.java:236)
	at org.springframework.web.filter.DelegatingFilterProxy.doFilter(DelegatingFilterProxy.java:167)
	at org.mortbay.jetty.servlet.ServletHandler$CachedChain.doFilter(ServletHandler.java:1089)
	at org.mortbay.jetty.servlet.ServletHandler.handle(ServletHandler.java:365)
	at org.mortbay.jetty.security.SecurityHandler.handle(SecurityHandler.java:216)
	at org.mortbay.jetty.servlet.SessionHandler.handle(SessionHandler.java:181)
	at org.mortbay.jetty.handler.ContextHandler.handle(ContextHandler.java:712)
	at org.mortbay.jetty.webapp.WebAppContext.handle(WebAppContext.java:405)
	at org.mortbay.jetty.handler.HandlerWrapper.handle(HandlerWrapper.java:139)
	at org.mortbay.jetty.Server.handle(Server.java:295)
	at org.mortbay.jetty.HttpConnection.handleRequest(HttpConnection.java:503)
	at org.mortbay.jetty.HttpConnection$RequestHandler.headerComplete(HttpConnection.java:827)
	at org.mortbay.jetty.HttpParser.parseNext(HttpParser.java:511)
	at org.mortbay.jetty.HttpParser.parseAvailable(HttpParser.java:210)
	at org.mortbay.jetty.HttpConnection.handle(HttpConnection.java:379)
	at org.mortbay.io.nio.SelectChannelEndPoint.run(SelectChannelEndPoint.java:361)
	at org.mortbay.thread.BoundedThreadPool$PoolThread.run(BoundedThreadPool.java:442)
[83403625] StackTrace Sanitizing stacktrace:
org.codehaus.groovy.control.MultipleCompilationErrorsException: startup failed, RestController: 5: unexpected token: converters @ line 5, column 15.
1 error

	at org.codehaus.groovy.control.ErrorCollector.failIfErrors(ErrorCollector.java:296)
	at org.codehaus.groovy.control.ErrorCollector.addFatalError(ErrorCollector.java:143)
	at org.codehaus.groovy.control.ErrorCollector.addError(ErrorCollector.java:113)
	at org.codehaus.groovy.control.ErrorCollector.addError(ErrorCollector.java:125)
	at org.codehaus.groovy.control.SourceUnit.addError(SourceUnit.java:352)
	at org.codehaus.groovy.antlr.AntlrParserPlugin.parseCST(AntlrParserPlugin.java:85)
	at org.codehaus.groovy.control.SourceUnit.parse(SourceUnit.java:248)
	at org.codehaus.groovy.control.CompilationUnit$1.call(CompilationUnit.java:143)
	at org.codehaus.groovy.control.CompilationUnit.applyToSourceUnits(CompilationUnit.java:772)
	at org.codehaus.groovy.control.CompilationUnit.compile(CompilationUnit.java:438)
	at groovy.lang.GroovyClassLoader.parseClass(GroovyClassLoader.java:277)
	at groovy.lang.GroovyClassLoader.parseClass(GroovyClassLoader.java:248)
	at groovy.lang.GroovyClassLoader.parseClass(GroovyClassLoader.java:243)
	at org.codehaus.groovy.grails.compiler.GrailsClassLoader.reloadClass(GrailsClassLoader.java:60)
	at org.codehaus.groovy.grails.plugins.DefaultGrailsPlugin.attemptClassReload(DefaultGrailsPlugin.java:649)
	at org.codehaus.groovy.grails.plugins.DefaultGrailsPlugin.fireModifiedEvent(DefaultGrailsPlugin.java:588)
	at org.codehaus.groovy.grails.plugins.DefaultGrailsPlugin.checkForChanges(DefaultGrailsPlugin.java:447)
	at org.codehaus.groovy.grails.plugins.DefaultGrailsPluginManager.checkForChanges(DefaultGrailsPluginManager.java:583)
	at org.codehaus.groovy.grails.web.servlet.filter.GrailsReloadServletFilter.doFilterInternal(GrailsReloadServletFilter.java:81)
	at org.springframework.web.filter.OncePerRequestFilter.doFilter(OncePerRequestFilter.java:76)
	at org.mortbay.jetty.servlet.ServletHandler$CachedChain.doFilter(ServletHandler.java:1089)
	at org.mortbay.jetty.servlet.ServletHandler.handle(ServletHandler.java:365)
	at org.mortbay.jetty.security.SecurityHandler.handle(SecurityHandler.java:216)
	at org.mortbay.jetty.servlet.SessionHandler.handle(SessionHandler.java:181)
	at org.mortbay.jetty.handler.ContextHandler.handle(ContextHandler.java:712)
	at org.mortbay.jetty.webapp.WebAppContext.handle(WebAppContext.java:405)
	at org.mortbay.jetty.servlet.Dispatcher.forward(Dispatcher.java:268)
	at org.mortbay.jetty.servlet.Dispatcher.forward(Dispatcher.java:126)
	at org.codehaus.groovy.grails.web.util.WebUtils.forwardRequestForUrlMappingInfo(WebUtils.java:202)
	at org.codehaus.groovy.grails.web.util.WebUtils.forwardRequestForUrlMappingInfo(WebUtils.java:189)
	at org.codehaus.groovy.grails.web.mapping.filter.UrlMappingsFilter.doFilterInternal(UrlMappingsFilter.java:117)
	at org.springframework.web.filter.OncePerRequestFilter.doFilter(OncePerRequestFilter.java:76)
	at org.mortbay.jetty.servlet.ServletHandler$CachedChain.doFilter(ServletHandler.java:1089)
	at org.codehaus.groovy.grails.web.sitemesh.GrailsPageFilter.parsePage(GrailsPageFilter.java:123)
	at org.codehaus.groovy.grails.web.sitemesh.GrailsPageFilter.doFilter(GrailsPageFilter.java:86)
	at org.mortbay.jetty.servlet.ServletHandler$CachedChain.doFilter(ServletHandler.java:1089)
	at org.codehaus.groovy.grails.web.servlet.mvc.GrailsWebRequestFilter.doFilterInternal(GrailsWebRequestFilter.java:65)
	at org.springframework.web.filter.OncePerRequestFilter.doFilter(OncePerRequestFilter.java:76)
	at org.mortbay.jetty.servlet.ServletHandler$CachedChain.doFilter(ServletHandler.java:1089)
	at org.springframework.web.filter.CharacterEncodingFilter.doFilterInternal(CharacterEncodingFilter.java:96)
	at org.springframework.web.filter.OncePerRequestFilter.doFilter(OncePerRequestFilter.java:76)
	at org.springframework.web.filter.DelegatingFilterProxy.invokeDelegate(DelegatingFilterProxy.java:236)
	at org.springframework.web.filter.DelegatingFilterProxy.doFilter(DelegatingFilterProxy.java:167)
	at org.mortbay.jetty.servlet.ServletHandler$CachedChain.doFilter(ServletHandler.java:1089)
	at org.acegisecurity.util.FilterChainProxy$VirtualFilterChain.doFilter(FilterChainProxy.java:265)
	at org.acegisecurity.intercept.web.FilterSecurityInterceptor.invoke(FilterSecurityInterceptor.java:107)
	at org.acegisecurity.intercept.web.FilterSecurityInterceptor.doFilter(FilterSecurityInterceptor.java:72)
	at org.acegisecurity.util.FilterChainProxy$VirtualFilterChain.doFilter(FilterChainProxy.java:275)
	at org.acegisecurity.ui.ExceptionTranslationFilter.doFilter(ExceptionTranslationFilter.java:166)
	at org.acegisecurity.util.FilterChainProxy$VirtualFilterChain.doFilter(FilterChainProxy.java:275)
	at org.acegisecurity.providers.anonymous.AnonymousProcessingFilter.doFilter(AnonymousProcessingFilter.java:125)
	at org.acegisecurity.util.FilterChainProxy$VirtualFilterChain.doFilter(FilterChainProxy.java:275)
	at org.acegisecurity.ui.rememberme.RememberMeProcessingFilter.doFilter(RememberMeProcessingFilter.java:135)
	at org.acegisecurity.util.FilterChainProxy$VirtualFilterChain.doFilter(FilterChainProxy.java:275)
	at org.acegisecurity.wrapper.SecurityContextHolderAwareRequestFilter.doFilter(SecurityContextHolderAwareRequestFilter.java:81)
	at org.acegisecurity.util.FilterChainProxy$VirtualFilterChain.doFilter(FilterChainProxy.java:275)
	at org.acegisecurity.ui.AbstractProcessingFilter.doFilter(AbstractProcessingFilter.java:271)
	at org.acegisecurity.util.FilterChainProxy$VirtualFilterChain.doFilter(FilterChainProxy.java:275)
	at org.acegisecurity.ui.logout.LogoutFilter.doFilter(LogoutFilter.java:110)
	at org.acegisecurity.util.FilterChainProxy$VirtualFilterChain.doFilter(FilterChainProxy.java:275)
	at org.acegisecurity.context.HttpSessionContextIntegrationFilter.doFilter(HttpSessionContextIntegrationFilter.java:249)
	at org.acegisecurity.util.FilterChainProxy$VirtualFilterChain.doFilter(FilterChainProxy.java:275)
	at org.acegisecurity.util.FilterChainProxy.doFilter(FilterChainProxy.java:149)
	at org.springframework.web.filter.DelegatingFilterProxy.invokeDelegate(DelegatingFilterProxy.java:236)
	at org.springframework.web.filter.DelegatingFilterProxy.doFilter(DelegatingFilterProxy.java:167)
	at org.mortbay.jetty.servlet.ServletHandler$CachedChain.doFilter(ServletHandler.java:1089)
	at org.mortbay.jetty.servlet.ServletHandler.handle(ServletHandler.java:365)
	at org.mortbay.jetty.security.SecurityHandler.handle(SecurityHandler.java:216)
	at org.mortbay.jetty.servlet.SessionHandler.handle(SessionHandler.java:181)
	at org.mortbay.jetty.handler.ContextHandler.handle(ContextHandler.java:712)
	at org.mortbay.jetty.webapp.WebAppContext.handle(WebAppContext.java:405)
	at org.mortbay.jetty.handler.HandlerWrapper.handle(HandlerWrapper.java:139)
	at org.mortbay.jetty.Server.handle(Server.java:295)
	at org.mortbay.jetty.HttpConnection.handleRequest(HttpConnection.java:503)
	at org.mortbay.jetty.HttpConnection$RequestHandler.headerComplete(HttpConnection.java:827)
	at org.mortbay.jetty.HttpParser.parseNext(HttpParser.java:511)
	at org.mortbay.jetty.HttpParser.parseAvailable(HttpParser.java:210)
	at org.mortbay.jetty.HttpConnection.handle(HttpConnection.java:379)
	at org.mortbay.io.nio.SelectChannelEndPoint.run(SelectChannelEndPoint.java:361)
	at org.mortbay.thread.BoundedThreadPool$PoolThread.run(BoundedThreadPool.java:442)
